<?xml version="1.0" encoding="UTF-8"?>
<!-- Generated by org.testng.reporters.JUnitReportReporter -->
<testsuite skipped="0" hostname="LAPTOP-QKN1RJAQ" name="testcases.GeckoDriverTest" tests="1" failures="0" timestamp="2022-03-31T07:15:28 IST" time="21.174" errors="0">
  <testcase name="firefoxTest" time="21.174" classname="testcases.GeckoDriverTest"/>
  <system-out/>
</testsuite> <!-- testcases.GeckoDriverTest -->
